#
# There is insufficient memory for the Java Runtime Environment to continue.
# Native memory allocation (mmap) failed to map 125829120 bytes for G1 virtual space
# Possible reasons:
#   The system is out of physical RAM or swap space
#   The process is running with CompressedOops enabled, and the Java Heap may be blocking the growth of the native heap
# Possible solutions:
#   Reduce memory load on the system
#   Increase physical memory or swap space
#   Check if swap backing store is full
#   Decrease Java heap size (-Xmx/-Xms)
#   Decrease number of Java threads
#   Decrease Java thread stack sizes (-Xss)
#   Set larger code cache with -XX:ReservedCodeCacheSize=
#   JVM is running with Unscaled Compressed Oops mode in which the Java heap is
#     placed in the first 4GB address space. The Java Heap base address is the
#     maximum limit for the native heap growth. Please use -XX:HeapBaseMinAddress
#     to set the Java Heap base and to place the Java Heap above 4GB virtual address.
# This output file may be truncated or incomplete.
#
#  Out of Memory Error (os_windows.cpp:3617), pid=29056, tid=31952
#
# JRE version:  (17.0.8+7) (build )
# Java VM: OpenJDK 64-Bit Server VM (17.0.8+7, mixed mode, sharing, tiered, compressed oops, compressed class ptrs, g1 gc, windows-amd64)
# No core dump will be written. Minidumps are not enabled by default on client versions of Windows
#

---------------  S U M M A R Y ------------

Command Line: -Dfile.encoding=UTF-8 -XX:+ShowCodeDetailsInExceptionMessages emp.Management.System.viewEmployee

Host: AMD Ryzen 5 4600H with Radeon Graphics         , 12 cores, 7G,  Windows 11 , 64 bit Build 22621 (10.0.22621.2506)
Time: Sun Jan  7 19:43:10 2024 India Standard Time elapsed time: 0.009343 seconds (0d 0h 0m 0s)

---------------  T H R E A D  ---------------

Current thread (0x00000275f8273e10):  JavaThread "Unknown thread" [_thread_in_vm, id=31952, stack(0x000000eb9e000000,0x000000eb9e100000)]

Stack: [0x000000eb9e000000,0x000000eb9e100000]
Native frames: (J=compiled Java code, j=interpreted, Vv=VM code, C=native code)
V  [jvm.dll+0x678b0a]
V  [jvm.dll+0x835e84]
V  [jvm.dll+0x83762e]
V  [jvm.dll+0x837c93]
V  [jvm.dll+0x24746f]
V  [jvm.dll+0x675859]
V  [jvm.dll+0x66a0ea]
V  [jvm.dll+0x306c7b]
V  [jvm.dll+0x30e166]
V  [jvm.dll+0x35dd3e]
V  [jvm.dll+0x35df6f]
V  [jvm.dll+0x2ddb48]
V  [jvm.dll+0x2deab4]
V  [jvm.dll+0x807f31]
V  [jvm.dll+0x36bb21]
V  [jvm.dll+0x7e733c]
V  [jvm.dll+0x3ee4af]
V  [jvm.dll+0x3f00c1]
C  [jli.dll+0x528b]
C  [ucrtbase.dll+0x29363]
C  [KERNEL32.DLL+0x1257d]
C  [ntdll.dll+0x5aa58]


---------------  P R O C E S S  ---------------

Threads class SMR info:
_java_thread_list=0x00007ffd7ecfa018, length=0, elements={
}

Java Threads: ( => current thread )

Other Threads:
  0x00000275f82cf650 GCTaskThread "GC Thread#0" [stack: 0x000000eb9e100000,0x000000eb9e200000] [id=25552]
  0x00000275f82df320 ConcurrentGCThread "G1 Main Marker" [stack: 0x000000eb9e200000,0x000000eb9e300000] [id=27408]
  0x00000275f82e04d0 ConcurrentGCThread "G1 Conc#0" [stack: 0x000000eb9e300000,0x000000eb9e400000] [id=7412]

[error occurred during error reporting (printing all threads), id 0xc0000005, EXCEPTION_ACCESS_VIOLATION (0xc0000005) at pc=0x00007ffd7e4ce587]

VM state: not at safepoint (not fully initialized)

VM Mutex/Monitor currently owned by a thread:  ([mutex/lock_event])
[0x00000275f80bd790] Heap_lock - owner thread: 0x00000275f8273e10

Heap address: 0x0000000089400000, size: 1900 MB, Compressed Oops mode: 32-bit

CDS archive(s) mapped at: [0x0000000000000000-0x0000000000000000-0x0000000000000000), size 0, SharedBaseAddress: 0x0000000800000000, ArchiveRelocationMode: 1.
Narrow klass base: 0x0000000000000000, Narrow klass shift: 0, Narrow klass range: 0x0

GC Precious Log:
<Empty>

Heap:
 garbage-first heap   total 0K, used 0K [0x0000000089400000, 0x0000000100000000)
  region size 1024K, 0 young (0K), 0 survivors (0K)

[error occurred during error reporting (printing heap information), id 0xc0000005, EXCEPTION_ACCESS_VIOLATION (0xc0000005) at pc=0x00007ffd7e8b2699]

GC Heap History (0 events):
No events

Dll operation events (1 events):
Event: 0.005 Loaded shared library C:\Users\ptamh\.p2\pool\plugins\org.eclipse.justj.openjdk.hotspot.jre.full.win32.x86_64_17.0.8.v20230801-1951\jre\bin\java.dll

Deoptimization events (0 events):
No events

Classes unloaded (0 events):
No events

Classes redefined (0 events):
No events

Internal exceptions (0 events):
No events

VM Operations (0 events):
No events

Events (0 events):
No events


Dynamic libraries:
0x00007ff72a120000 - 0x00007ff72a12e000 	C:\Users\ptamh\.p2\pool\plugins\org.eclipse.justj.openjdk.hotspot.jre.full.win32.x86_64_17.0.8.v20230801-1951\jre\bin\javaw.exe
0x00007ffdd0570000 - 0x00007ffdd0787000 	C:\WINDOWS\SYSTEM32\ntdll.dll
0x00007ffdcf400000 - 0x00007ffdcf4c4000 	C:\WINDOWS\System32\KERNEL32.DLL
0x00007ffdcdf10000 - 0x00007ffdce2b6000 	C:\WINDOWS\System32\KERNELBASE.dll
0x00007ffdcddf0000 - 0x00007ffdcdf01000 	C:\WINDOWS\System32\ucrtbase.dll
0x00007ffdc77c0000 - 0x00007ffdc77d7000 	C:\Users\ptamh\.p2\pool\plugins\org.eclipse.justj.openjdk.hotspot.jre.full.win32.x86_64_17.0.8.v20230801-1951\jre\bin\jli.dll
0x00007ffdc5f10000 - 0x00007ffdc5f29000 	C:\Users\ptamh\.p2\pool\plugins\org.eclipse.justj.openjdk.hotspot.jre.full.win32.x86_64_17.0.8.v20230801-1951\jre\bin\VCRUNTIME140.dll
0x00007ffdcfab0000 - 0x00007ffdcfc5e000 	C:\WINDOWS\System32\USER32.dll
0x00007ffdcdad0000 - 0x00007ffdcdaf6000 	C:\WINDOWS\System32\win32u.dll
0x00007ffdbb4e0000 - 0x00007ffdbb773000 	C:\WINDOWS\WinSxS\amd64_microsoft.windows.common-controls_6595b64144ccf1df_6.0.22621.2506_none_270c5ae97388e100\COMCTL32.dll
0x00007ffdd01f0000 - 0x00007ffdd0219000 	C:\WINDOWS\System32\GDI32.dll
0x00007ffdd00f0000 - 0x00007ffdd0197000 	C:\WINDOWS\System32\msvcrt.dll
0x00007ffdcdba0000 - 0x00007ffdcdcb8000 	C:\WINDOWS\System32\gdi32full.dll
0x00007ffdcdb00000 - 0x00007ffdcdb9a000 	C:\WINDOWS\System32\msvcp_win.dll
0x00007ffdcf6e0000 - 0x00007ffdcf711000 	C:\WINDOWS\System32\IMM32.DLL
0x00007ffdc7790000 - 0x00007ffdc779c000 	C:\Users\ptamh\.p2\pool\plugins\org.eclipse.justj.openjdk.hotspot.jre.full.win32.x86_64_17.0.8.v20230801-1951\jre\bin\vcruntime140_1.dll
0x00007ffdbc600000 - 0x00007ffdbc691000 	C:\Users\ptamh\.p2\pool\plugins\org.eclipse.justj.openjdk.hotspot.jre.full.win32.x86_64_17.0.8.v20230801-1951\jre\bin\msvcp140.dll
0x00007ffd7e1e0000 - 0x00007ffd7ee2c000 	C:\Users\ptamh\.p2\pool\plugins\org.eclipse.justj.openjdk.hotspot.jre.full.win32.x86_64_17.0.8.v20230801-1951\jre\bin\server\jvm.dll
0x00007ffdcf9f0000 - 0x00007ffdcfaa1000 	C:\WINDOWS\System32\ADVAPI32.dll
0x00007ffdcf4d0000 - 0x00007ffdcf575000 	C:\WINDOWS\System32\sechost.dll
0x00007ffdcf720000 - 0x00007ffdcf837000 	C:\WINDOWS\System32\RPCRT4.dll
0x00007ffdc5ea0000 - 0x00007ffdc5ed4000 	C:\WINDOWS\SYSTEM32\WINMM.dll
0x00007ffdc7780000 - 0x00007ffdc7789000 	C:\WINDOWS\SYSTEM32\WSOCK32.dll
0x00007ffdcc700000 - 0x00007ffdcc74d000 	C:\WINDOWS\SYSTEM32\POWRPROF.dll
0x00007ffdcf850000 - 0x00007ffdcf8c1000 	C:\WINDOWS\System32\WS2_32.dll
0x00007ffdc5080000 - 0x00007ffdc508a000 	C:\WINDOWS\SYSTEM32\VERSION.dll
0x00007ffdcc6e0000 - 0x00007ffdcc6f3000 	C:\WINDOWS\SYSTEM32\UMPDC.dll
0x00007ffdcc9a0000 - 0x00007ffdcc9b8000 	C:\WINDOWS\SYSTEM32\kernel.appcore.dll
0x00007ffdc6080000 - 0x00007ffdc608a000 	C:\Users\ptamh\.p2\pool\plugins\org.eclipse.justj.openjdk.hotspot.jre.full.win32.x86_64_17.0.8.v20230801-1951\jre\bin\jimage.dll
0x00007ffdc2a00000 - 0x00007ffdc2c33000 	C:\WINDOWS\SYSTEM32\DBGHELP.DLL
0x00007ffdcfc60000 - 0x00007ffdcffe9000 	C:\WINDOWS\System32\combase.dll
0x00007ffdcfff0000 - 0x00007ffdd00c7000 	C:\WINDOWS\System32\OLEAUT32.dll
0x00007ffdc26b0000 - 0x00007ffdc26e2000 	C:\WINDOWS\SYSTEM32\dbgcore.DLL
0x00007ffdcda50000 - 0x00007ffdcdaca000 	C:\WINDOWS\System32\bcryptPrimitives.dll
0x00007ffdc6050000 - 0x00007ffdc6075000 	C:\Users\ptamh\.p2\pool\plugins\org.eclipse.justj.openjdk.hotspot.jre.full.win32.x86_64_17.0.8.v20230801-1951\jre\bin\java.dll

dbghelp: loaded successfully - version: 4.0.5 - missing functions: none
symbol engine: initialized successfully - sym options: 0x614 - pdb path: .;C:\Users\ptamh\.p2\pool\plugins\org.eclipse.justj.openjdk.hotspot.jre.full.win32.x86_64_17.0.8.v20230801-1951\jre\bin;C:\WINDOWS\SYSTEM32;C:\WINDOWS\WinSxS\amd64_microsoft.windows.common-controls_6595b64144ccf1df_6.0.22621.2506_none_270c5ae97388e100;C:\Users\ptamh\.p2\pool\plugins\org.eclipse.justj.openjdk.hotspot.jre.full.win32.x86_64_17.0.8.v20230801-1951\jre\bin\server

VM Arguments:
jvm_args: -Dfile.encoding=UTF-8 -XX:+ShowCodeDetailsInExceptionMessages 
java_command: emp.Management.System.viewEmployee
java_class_path (initial): C:\Users\ptamh\eclipse-workspace\Employee Management System\Employee Management System\bin;C:\Users\ptamh\.m2\repository\mysql\mysql-connector-java\5.1.49\mysql-connector-java-5.1.49.jar;C:\Users\ptamh\.m2\repository\mysql\mysql-connector-java\5.1.49\mysql-connector-java-5.1.49-sources.jar;C:\Users\ptamh\.m2\repository\calender\jcalendar-tz-1.3.3-4.jar;C:\Users\ptamh\.m2\repository\calender\rs2xml.jar
Launcher Type: SUN_STANDARD

[Global flags]
     intx CICompilerCount                          = 4                                         {product} {ergonomic}
     uint ConcGCThreads                            = 3                                         {product} {ergonomic}
     uint G1ConcRefinementThreads                  = 10                                        {product} {ergonomic}
   size_t G1HeapRegionSize                         = 1048576                                   {product} {ergonomic}
    uintx GCDrainStackTargetSize                   = 64                                        {product} {ergonomic}
   size_t InitialHeapSize                          = 125829120                                 {product} {ergonomic}
   size_t MarkStackSize                            = 4194304                                   {product} {ergonomic}
   size_t MaxHeapSize                              = 1992294400                                {product} {ergonomic}
   size_t MinHeapDeltaBytes                        = 1048576                                   {product} {ergonomic}
   size_t MinHeapSize                              = 8388608                                   {product} {ergonomic}
    uintx NonNMethodCodeHeapSize                   = 5839372                                {pd product} {ergonomic}
    uintx NonProfiledCodeHeapSize                  = 122909434                              {pd product} {ergonomic}
    uintx ProfiledCodeHeapSize                     = 122909434                              {pd product} {ergonomic}
    uintx ReservedCodeCacheSize                    = 251658240                              {pd product} {ergonomic}
     bool SegmentedCodeCache                       = true                                      {product} {ergonomic}
     bool ShowCodeDetailsInExceptionMessages       = true                                   {manageable} {command line}
   size_t SoftMaxHeapSize                          = 1992294400                             {manageable} {ergonomic}
     bool UseCompressedClassPointers               = true                           {product lp64_product} {ergonomic}
     bool UseCompressedOops                        = true                           {product lp64_product} {ergonomic}
     bool UseG1GC                                  = true                                      {product} {ergonomic}
     bool UseLargePagesIndividualAllocation        = false                                  {pd product} {ergonomic}

Logging:
Log output configuration:
 #0: stdout all=warning uptime,level,tags
 #1: stderr all=off uptime,level,tags

Environment Variables:
PATH=C:/Users/ptamh/.p2/pool/plugins/org.eclipse.justj.openjdk.hotspot.jre.full.win32.x86_64_17.0.8.v20230801-1951/jre/bin/server;C:/Users/ptamh/.p2/pool/plugins/org.eclipse.justj.openjdk.hotspot.jre.full.win32.x86_64_17.0.8.v20230801-1951/jre/bin;C:\ProgramData\Oracle\Java\javapath;C:\Windows\system32;C:\Windows;C:\Windows\System32\Wbem;C:\Windows\System32\WindowsPowerShell\v1.0\;C:\Windows\System32\OpenSSH\;C:\Program Files (x86)\NVIDIA Corporation\PhysX\Common;C:\WINDOWS\system32;C:\WINDOWS;C:\WINDOWS\System32\Wbem;C:\WINDOWS\System32\WindowsPowerShell\v1.0\;C:\WINDOWS\System32\OpenSSH\;C:\Program Files\NVIDIA Corporation\NVIDIA NvDLISR;C:\Program Files\Git\cmd;C:\Program Files\Git\mingw64\bin;C:\Program Files\Git\usr\bin;C:\Program Files\nodejs\;C:\Program Files\nodejs;C:\Users\ptamh\AppData\Local\Microsoft\WindowsApps;C:\Users\ptamh\AppData\Local\Programs\Microsoft VS Code\bin;C:\Users\ptamh\AppData\Roaming\npm;C:\Program Files\nodejs\node_modules\npm\bin;C:\Program Files\nodejs;;C:\WINDOWS\System32;
USERNAME=ptamh
OS=Windows_NT
PROCESSOR_IDENTIFIER=AMD64 Family 23 Model 96 Stepping 1, AuthenticAMD
TMP=C:\Users\ptamh\AppData\Local\Temp
TEMP=C:\Users\ptamh\AppData\Local\Temp



---------------  S Y S T E M  ---------------

OS:
 Windows 11 , 64 bit Build 22621 (10.0.22621.2506)
OS uptime: 1 days 1:14 hours
Hyper-V role detected

CPU: total 12 (initial active 12) (12 cores per cpu, 2 threads per core) family 23 model 96 stepping 1 microcode 0x0, cx8, cmov, fxsr, ht, mmx, 3dnowpref, sse, sse2, sse3, ssse3, sse4a, sse4.1, sse4.2, popcnt, lzcnt, tsc, tscinvbit, avx, avx2, aes, clmul, bmi1, bmi2, adx, sha, fma, vzeroupper, clflush, clflushopt, hv
Processor Information for all 12 processors :
  Max Mhz: 3001, Current Mhz: 3001, Mhz Limit: 3001

Memory: 4k page, system-wide physical 7597M (583M free)
TotalPageFile size 31149M (AvailPageFile size 104M)
current process WorkingSet (physical memory assigned to process): 11M, peak: 11M
current process commit charge ("private bytes"): 64M, peak: 184M

vm_info: OpenJDK 64-Bit Server VM (17.0.8+7) for windows-amd64 JRE (17.0.8+7), built on Jul 18 2023 21:02:32 by "admin" with MS VC++ 16.7 (VS2019)

END.
